<?xml version="1.0" encoding="UTF-8"?>
<!-- Generated by org.testng.reporters.JUnitReportReporter -->
<testsuite hostname="ITT-GOKUL-S" failures="0" tests="1" name="com.TestSelenium.SoftAssert" time="0.011" errors="0" timestamp="2023-10-03T19:09:06 IST" skipped="0">
  <testcase classname="com.TestSelenium.SoftAssert" name="Test1" time="0.011"/>
  <system-out/>
</testsuite> <!-- com.TestSelenium.SoftAssert -->
